<?xml version="1.0" encoding="UTF-8"?>
<!-- Generated by org.testng.reporters.JUnitReportReporter -->
<testsuite hostname="DESKTOP-7FR8V4T" failures="0" tests="2" name="tests.HomePageTest" time="0.358" errors="0" timestamp="2024-04-14T15:53:26 IST" skipped="0">
  <testcase classname="tests.HomePageTest" name="doesContactExistTest" time="0.197"/>
  <testcase classname="tests.HomePageTest" name="doesHeaderExistTest" time="0.161"/>
</testsuite> <!-- tests.HomePageTest -->
